D:\COURSES\DEEPLEARNING&NERUALNETWORK\MATRIX\MATRIX\MATRIX\DEBUG\VC110.PDB
D:\COURSES\DEEPLEARNING&NERUALNETWORK\MATRIX\MATRIX\MATRIX\DEBUG\MATRIX.PCH
D:\COURSES\DEEPLEARNING&NERUALNETWORK\MATRIX\MATRIX\MATRIX\DEBUG\STDAFX.OBJ
D:\COURSES\DEEPLEARNING&NERUALNETWORK\MATRIX\MATRIX\MATRIX\DEBUG\MATRIX.OBJ
D:\COURSES\DEEPLEARNING&NERUALNETWORK\MATRIX\MATRIX\MATRIX\DEBUG\TEST.OBJ
D:\COURSES\DEEPLEARNING&NERUALNETWORK\MATRIX\MATRIX\MATRIX\DEBUG\MYMATRIX.OBJ
D:\COURSES\DEEPLEARNING&NERUALNETWORK\MATRIX\MATRIX\DEBUG\MATRIX.ILK
D:\COURSES\DEEPLEARNING&NERUALNETWORK\MATRIX\MATRIX\DEBUG\MATRIX.EXE
D:\COURSES\DEEPLEARNING&NERUALNETWORK\MATRIX\MATRIX\DEBUG\MATRIX.PDB
D:\Courses\DeepLearning&NerualNetwork\matrix\matrix\matrix\Debug\matrix.obj
D:\Courses\DeepLearning&NerualNetwork\matrix\matrix\matrix\Debug\stdafx.obj
D:\Courses\DeepLearning&NerualNetwork\matrix\matrix\matrix\Debug\test.obj
D:\Courses\DeepLearning&NerualNetwork\matrix\matrix\matrix\Debug\cl.command.1.tlog
D:\Courses\DeepLearning&NerualNetwork\matrix\matrix\matrix\Debug\CL.read.1.tlog
D:\Courses\DeepLearning&NerualNetwork\matrix\matrix\matrix\Debug\CL.write.1.tlog
D:\Courses\DeepLearning&NerualNetwork\matrix\matrix\matrix\Debug\link-cvtres.read.1.tlog
D:\Courses\DeepLearning&NerualNetwork\matrix\matrix\matrix\Debug\link-cvtres.write.1.tlog
D:\Courses\DeepLearning&NerualNetwork\matrix\matrix\matrix\Debug\link-rc.read.1.tlog
D:\Courses\DeepLearning&NerualNetwork\matrix\matrix\matrix\Debug\link-rc.write.1.tlog
D:\Courses\DeepLearning&NerualNetwork\matrix\matrix\matrix\Debug\link.1328-cvtres.read.1.tlog
D:\Courses\DeepLearning&NerualNetwork\matrix\matrix\matrix\Debug\link.1328-cvtres.write.1.tlog
D:\Courses\DeepLearning&NerualNetwork\matrix\matrix\matrix\Debug\link.1328-rc.read.1.tlog
D:\Courses\DeepLearning&NerualNetwork\matrix\matrix\matrix\Debug\link.1328-rc.write.1.tlog
D:\Courses\DeepLearning&NerualNetwork\matrix\matrix\matrix\Debug\link.1328.read.1.tlog
D:\Courses\DeepLearning&NerualNetwork\matrix\matrix\matrix\Debug\link.1328.write.1.tlog
D:\Courses\DeepLearning&NerualNetwork\matrix\matrix\matrix\Debug\link.1852-cvtres.read.1.tlog
D:\Courses\DeepLearning&NerualNetwork\matrix\matrix\matrix\Debug\link.1852-cvtres.write.1.tlog
D:\Courses\DeepLearning&NerualNetwork\matrix\matrix\matrix\Debug\link.1852-rc.read.1.tlog
D:\Courses\DeepLearning&NerualNetwork\matrix\matrix\matrix\Debug\link.1852-rc.write.1.tlog
D:\Courses\DeepLearning&NerualNetwork\matrix\matrix\matrix\Debug\link.1852.read.1.tlog
D:\Courses\DeepLearning&NerualNetwork\matrix\matrix\matrix\Debug\link.1852.write.1.tlog
D:\Courses\DeepLearning&NerualNetwork\matrix\matrix\matrix\Debug\link.3460-cvtres.read.1.tlog
D:\Courses\DeepLearning&NerualNetwork\matrix\matrix\matrix\Debug\link.3460-cvtres.write.1.tlog
D:\Courses\DeepLearning&NerualNetwork\matrix\matrix\matrix\Debug\link.3460-rc.read.1.tlog
D:\Courses\DeepLearning&NerualNetwork\matrix\matrix\matrix\Debug\link.3460-rc.write.1.tlog
D:\Courses\DeepLearning&NerualNetwork\matrix\matrix\matrix\Debug\link.3460.read.1.tlog
D:\Courses\DeepLearning&NerualNetwork\matrix\matrix\matrix\Debug\link.3460.write.1.tlog
D:\Courses\DeepLearning&NerualNetwork\matrix\matrix\matrix\Debug\link.4480-cvtres.read.1.tlog
D:\Courses\DeepLearning&NerualNetwork\matrix\matrix\matrix\Debug\link.4480-cvtres.write.1.tlog
D:\Courses\DeepLearning&NerualNetwork\matrix\matrix\matrix\Debug\link.4480-rc.read.1.tlog
D:\Courses\DeepLearning&NerualNetwork\matrix\matrix\matrix\Debug\link.4480-rc.write.1.tlog
D:\Courses\DeepLearning&NerualNetwork\matrix\matrix\matrix\Debug\link.4480.read.1.tlog
D:\Courses\DeepLearning&NerualNetwork\matrix\matrix\matrix\Debug\link.4480.write.1.tlog
D:\Courses\DeepLearning&NerualNetwork\matrix\matrix\matrix\Debug\link.4892-cvtres.read.1.tlog
D:\Courses\DeepLearning&NerualNetwork\matrix\matrix\matrix\Debug\link.4892-cvtres.write.1.tlog
D:\Courses\DeepLearning&NerualNetwork\matrix\matrix\matrix\Debug\link.4892-rc.read.1.tlog
D:\Courses\DeepLearning&NerualNetwork\matrix\matrix\matrix\Debug\link.4892-rc.write.1.tlog
D:\Courses\DeepLearning&NerualNetwork\matrix\matrix\matrix\Debug\link.4892.read.1.tlog
D:\Courses\DeepLearning&NerualNetwork\matrix\matrix\matrix\Debug\link.4892.write.1.tlog
D:\Courses\DeepLearning&NerualNetwork\matrix\matrix\matrix\Debug\link.848-cvtres.read.1.tlog
D:\Courses\DeepLearning&NerualNetwork\matrix\matrix\matrix\Debug\link.848-cvtres.write.1.tlog
D:\Courses\DeepLearning&NerualNetwork\matrix\matrix\matrix\Debug\link.848-rc.read.1.tlog
D:\Courses\DeepLearning&NerualNetwork\matrix\matrix\matrix\Debug\link.848-rc.write.1.tlog
D:\Courses\DeepLearning&NerualNetwork\matrix\matrix\matrix\Debug\link.848.read.1.tlog
D:\Courses\DeepLearning&NerualNetwork\matrix\matrix\matrix\Debug\link.848.write.1.tlog
D:\Courses\DeepLearning&NerualNetwork\matrix\matrix\matrix\Debug\link.command.1.tlog
D:\Courses\DeepLearning&NerualNetwork\matrix\matrix\matrix\Debug\link.read.1.tlog
D:\Courses\DeepLearning&NerualNetwork\matrix\matrix\matrix\Debug\link.write.1.tlog
D:\Courses\DeepLearning&NerualNetwork\matrix\matrix\matrix\Debug\matrix.pch
D:\Courses\DeepLearning&NerualNetwork\matrix\matrix\matrix\Debug\vc110.idb
D:\Courses\DeepLearning&NerualNetwork\matrix\matrix\matrix\Debug\vc110.pdb
D:\Courses\DeepLearning&NerualNetwork\matrix\matrix\Debug\matrix.pdb
D:\Courses\DeepLearning&NerualNetwork\matrix\matrix\Debug\matrix.exe
D:\Courses\DeepLearning&NerualNetwork\matrix\matrix\Debug\matrix.ilk
